1766359613.501184 client started (212372): version 3.5a, socket /tmp/tmux-1000/default, protocol 8
1766359613.501219 on Linux 6.17.12-300.fc43.x86_64 #1 SMP PREEMPT_DYNAMIC Sat Dec 13 05:06:24 UTC 2025
1766359613.501231 using libevent 2.1.12-stable poll
1766359613.501235 using ncurses 6.5 20250614
1766359613.501247 flags are 0x10010000
1766359613.501256 socket is /tmp/tmux-1000/default
1766359613.501275 trying connect
1766359613.501331 add peer 0x55b084e52fe0: 6 ((nil))
1766359613.501676 sending message 111 to peer 0x55b084e52fe0 (8 bytes)
1766359613.501684 sending message 111 to peer 0x55b084e52fe0 (8 bytes)
1766359613.501689 sending message 101 to peer 0x55b084e52fe0 (14 bytes)
1766359613.501693 sending message 109 to peer 0x55b084e52fe0 (4 bytes)
1766359613.501696 sending message 102 to peer 0x55b084e52fe0 (11 bytes)
1766359613.501700 sending message 108 to peer 0x55b084e52fe0 (30 bytes)
1766359613.501704 sending message 112 to peer 0x55b084e52fe0 (70 bytes)
1766359613.501708 sending message 112 to peer 0x55b084e52fe0 (5 bytes)
1766359613.501712 sending message 112 to peer 0x55b084e52fe0 (5 bytes)
1766359613.501716 sending message 112 to peer 0x55b084e52fe0 (6 bytes)
1766359613.501722 sending message 112 to peer 0x55b084e52fe0 (6 bytes)
1766359613.501725 sending message 112 to peer 0x55b084e52fe0 (11 bytes)
1766359613.501730 sending message 112 to peer 0x55b084e52fe0 (10 bytes)
1766359613.501733 sending message 112 to peer 0x55b084e52fe0 (13 bytes)
1766359613.501738 sending message 112 to peer 0x55b084e52fe0 (13 bytes)
1766359613.501742 sending message 112 to peer 0x55b084e52fe0 (18 bytes)
1766359613.501746 sending message 112 to peer 0x55b084e52fe0 (11 bytes)
1766359613.501750 sending message 112 to peer 0x55b084e52fe0 (10 bytes)
1766359613.501755 sending message 112 to peer 0x55b084e52fe0 (15 bytes)
1766359613.501759 sending message 112 to peer 0x55b084e52fe0 (21 bytes)
1766359613.501763 sending message 112 to peer 0x55b084e52fe0 (13 bytes)
1766359613.501767 sending message 112 to peer 0x55b084e52fe0 (7 bytes)
1766359613.501771 sending message 112 to peer 0x55b084e52fe0 (13 bytes)
1766359613.501775 sending message 112 to peer 0x55b084e52fe0 (7 bytes)
1766359613.501778 sending message 112 to peer 0x55b084e52fe0 (13 bytes)
1766359613.501782 sending message 112 to peer 0x55b084e52fe0 (9 bytes)
1766359613.501786 sending message 112 to peer 0x55b084e52fe0 (21 bytes)
1766359613.501790 sending message 112 to peer 0x55b084e52fe0 (13 bytes)
1766359613.501793 sending message 112 to peer 0x55b084e52fe0 (8 bytes)
1766359613.501797 sending message 112 to peer 0x55b084e52fe0 (12 bytes)
1766359613.501801 sending message 112 to peer 0x55b084e52fe0 (13 bytes)
1766359613.501805 sending message 112 to peer 0x55b084e52fe0 (9 bytes)
1766359613.501809 sending message 112 to peer 0x55b084e52fe0 (9 bytes)
1766359613.501813 sending message 112 to peer 0x55b084e52fe0 (12 bytes)
1766359613.501817 sending message 112 to peer 0x55b084e52fe0 (8 bytes)
1766359613.501821 sending message 112 to peer 0x55b084e52fe0 (8 bytes)
1766359613.501824 sending message 112 to peer 0x55b084e52fe0 (7 bytes)
1766359613.501828 sending message 112 to peer 0x55b084e52fe0 (7 bytes)
1766359613.501832 sending message 112 to peer 0x55b084e52fe0 (9 bytes)
1766359613.501837 sending message 112 to peer 0x55b084e52fe0 (13 bytes)
1766359613.501841 sending message 112 to peer 0x55b084e52fe0 (6 bytes)
1766359613.501845 sending message 112 to peer 0x55b084e52fe0 (9 bytes)
1766359613.501849 sending message 112 to peer 0x55b084e52fe0 (15 bytes)
1766359613.501852 sending message 112 to peer 0x55b084e52fe0 (13 bytes)
1766359613.501857 sending message 112 to peer 0x55b084e52fe0 (12 bytes)
1766359613.501860 sending message 112 to peer 0x55b084e52fe0 (8 bytes)
1766359613.501864 sending message 112 to peer 0x55b084e52fe0 (14 bytes)
1766359613.501869 sending message 112 to peer 0x55b084e52fe0 (11 bytes)
1766359613.501873 sending message 112 to peer 0x55b084e52fe0 (9 bytes)
1766359613.501877 sending message 112 to peer 0x55b084e52fe0 (10 bytes)
1766359613.501881 sending message 112 to peer 0x55b084e52fe0 (10 bytes)
1766359613.501893 sending message 112 to peer 0x55b084e52fe0 (10 bytes)
1766359613.501908 sending message 112 to peer 0x55b084e52fe0 (10 bytes)
1766359613.501912 sending message 112 to peer 0x55b084e52fe0 (11 bytes)
1766359613.501916 sending message 112 to peer 0x55b084e52fe0 (12 bytes)
1766359613.501920 sending message 112 to peer 0x55b084e52fe0 (12 bytes)
1766359613.501924 sending message 112 to peer 0x55b084e52fe0 (12 bytes)
1766359613.501927 sending message 112 to peer 0x55b084e52fe0 (12 bytes)
1766359613.501931 sending message 112 to peer 0x55b084e52fe0 (12 bytes)
1766359613.501936 sending message 112 to peer 0x55b084e52fe0 (11 bytes)
1766359613.501940 sending message 112 to peer 0x55b084e52fe0 (11 bytes)
1766359613.501944 sending message 112 to peer 0x55b084e52fe0 (12 bytes)
1766359613.501948 sending message 112 to peer 0x55b084e52fe0 (12 bytes)
1766359613.501951 sending message 112 to peer 0x55b084e52fe0 (12 bytes)
1766359613.501955 sending message 112 to peer 0x55b084e52fe0 (12 bytes)
1766359613.501959 sending message 112 to peer 0x55b084e52fe0 (12 bytes)
1766359613.501963 sending message 112 to peer 0x55b084e52fe0 (10 bytes)
1766359613.501967 sending message 112 to peer 0x55b084e52fe0 (12 bytes)
1766359613.501971 sending message 112 to peer 0x55b084e52fe0 (13 bytes)
1766359613.501975 sending message 112 to peer 0x55b084e52fe0 (13 bytes)
1766359613.501979 sending message 112 to peer 0x55b084e52fe0 (13 bytes)
1766359613.501983 sending message 112 to peer 0x55b084e52fe0 (13 bytes)
1766359613.501987 sending message 112 to peer 0x55b084e52fe0 (13 bytes)
1766359613.501991 sending message 112 to peer 0x55b084e52fe0 (8 bytes)
1766359613.501995 sending message 112 to peer 0x55b084e52fe0 (11 bytes)
1766359613.501998 sending message 112 to peer 0x55b084e52fe0 (11 bytes)
1766359613.502002 sending message 112 to peer 0x55b084e52fe0 (11 bytes)
1766359613.502013 sending message 112 to peer 0x55b084e52fe0 (12 bytes)
1766359613.502017 sending message 112 to peer 0x55b084e52fe0 (12 bytes)
1766359613.502021 sending message 112 to peer 0x55b084e52fe0 (12 bytes)
1766359613.502024 sending message 112 to peer 0x55b084e52fe0 (12 bytes)
1766359613.502028 sending message 112 to peer 0x55b084e52fe0 (13 bytes)
1766359613.502032 sending message 112 to peer 0x55b084e52fe0 (13 bytes)
1766359613.502036 sending message 112 to peer 0x55b084e52fe0 (13 bytes)
1766359613.502040 sending message 112 to peer 0x55b084e52fe0 (8 bytes)
1766359613.502044 sending message 112 to peer 0x55b084e52fe0 (13 bytes)
1766359613.502048 sending message 112 to peer 0x55b084e52fe0 (13 bytes)
1766359613.502052 sending message 112 to peer 0x55b084e52fe0 (13 bytes)
1766359613.502056 sending message 112 to peer 0x55b084e52fe0 (13 bytes)
1766359613.502060 sending message 112 to peer 0x55b084e52fe0 (13 bytes)
1766359613.502064 sending message 112 to peer 0x55b084e52fe0 (12 bytes)
1766359613.502068 sending message 112 to peer 0x55b084e52fe0 (12 bytes)
1766359613.502072 sending message 112 to peer 0x55b084e52fe0 (12 bytes)
1766359613.502076 sending message 112 to peer 0x55b084e52fe0 (12 bytes)
1766359613.502080 sending message 112 to peer 0x55b084e52fe0 (13 bytes)
1766359613.502085 sending message 112 to peer 0x55b084e52fe0 (8 bytes)
1766359613.502089 sending message 112 to peer 0x55b084e52fe0 (13 bytes)
1766359613.502093 sending message 112 to peer 0x55b084e52fe0 (13 bytes)
1766359613.502097 sending message 112 to peer 0x55b084e52fe0 (13 bytes)
1766359613.502101 sending message 112 to peer 0x55b084e52fe0 (13 bytes)
1766359613.502105 sending message 112 to peer 0x55b084e52fe0 (13 bytes)
1766359613.502109 sending message 112 to peer 0x55b084e52fe0 (13 bytes)
1766359613.502112 sending message 112 to peer 0x55b084e52fe0 (13 bytes)
1766359613.502116 sending message 112 to peer 0x55b084e52fe0 (12 bytes)
1766359613.502120 sending message 112 to peer 0x55b084e52fe0 (12 bytes)
1766359613.502124 sending message 112 to peer 0x55b084e52fe0 (12 bytes)
1766359613.502128 sending message 112 to peer 0x55b084e52fe0 (8 bytes)
1766359613.502131 sending message 112 to peer 0x55b084e52fe0 (12 bytes)
1766359613.502139 sending message 112 to peer 0x55b084e52fe0 (13 bytes)
1766359613.502144 sending message 112 to peer 0x55b084e52fe0 (13 bytes)
1766359613.502148 sending message 112 to peer 0x55b084e52fe0 (13 bytes)
1766359613.502152 sending message 112 to peer 0x55b084e52fe0 (13 bytes)
1766359613.502156 sending message 112 to peer 0x55b084e52fe0 (13 bytes)
1766359613.502159 sending message 112 to peer 0x55b084e52fe0 (13 bytes)
1766359613.502163 sending message 112 to peer 0x55b084e52fe0 (13 bytes)
1766359613.502167 sending message 112 to peer 0x55b084e52fe0 (13 bytes)
1766359613.502171 sending message 112 to peer 0x55b084e52fe0 (12 bytes)
1766359613.502175 sending message 112 to peer 0x55b084e52fe0 (10 bytes)
1766359613.502179 sending message 112 to peer 0x55b084e52fe0 (12 bytes)
1766359613.502183 sending message 112 to peer 0x55b084e52fe0 (12 bytes)
1766359613.502187 sending message 112 to peer 0x55b084e52fe0 (12 bytes)
1766359613.502191 sending message 112 to peer 0x55b084e52fe0 (13 bytes)
1766359613.502196 sending message 112 to peer 0x55b084e52fe0 (13 bytes)
1766359613.502200 sending message 112 to peer 0x55b084e52fe0 (13 bytes)
1766359613.502204 sending message 112 to peer 0x55b084e52fe0 (13 bytes)
1766359613.502207 sending message 112 to peer 0x55b084e52fe0 (13 bytes)
1766359613.502212 sending message 112 to peer 0x55b084e52fe0 (13 bytes)
1766359613.502216 sending message 112 to peer 0x55b084e52fe0 (13 bytes)
1766359613.502220 sending message 112 to peer 0x55b084e52fe0 (10 bytes)
1766359613.502224 sending message 112 to peer 0x55b084e52fe0 (13 bytes)
1766359613.502228 sending message 112 to peer 0x55b084e52fe0 (12 bytes)
1766359613.502232 sending message 112 to peer 0x55b084e52fe0 (12 bytes)
1766359613.502236 sending message 112 to peer 0x55b084e52fe0 (12 bytes)
1766359613.502240 sending message 112 to peer 0x55b084e52fe0 (10 bytes)
1766359613.502245 sending message 112 to peer 0x55b084e52fe0 (10 bytes)
1766359613.502249 sending message 112 to peer 0x55b084e52fe0 (10 bytes)
1766359613.502253 sending message 112 to peer 0x55b084e52fe0 (12 bytes)
1766359613.502257 sending message 112 to peer 0x55b084e52fe0 (13 bytes)
1766359613.502260 sending message 112 to peer 0x55b084e52fe0 (13 bytes)
1766359613.502265 sending message 112 to peer 0x55b084e52fe0 (13 bytes)
1766359613.502268 sending message 112 to peer 0x55b084e52fe0 (13 bytes)
1766359613.502273 sending message 112 to peer 0x55b084e52fe0 (13 bytes)
1766359613.502277 sending message 112 to peer 0x55b084e52fe0 (11 bytes)
1766359613.502281 sending message 112 to peer 0x55b084e52fe0 (11 bytes)
1766359613.502285 sending message 112 to peer 0x55b084e52fe0 (12 bytes)
1766359613.502289 sending message 112 to peer 0x55b084e52fe0 (12 bytes)
1766359613.502293 sending message 112 to peer 0x55b084e52fe0 (12 bytes)
1766359613.502298 sending message 112 to peer 0x55b084e52fe0 (12 bytes)
1766359613.502302 sending message 112 to peer 0x55b084e52fe0 (12 bytes)
1766359613.502306 sending message 112 to peer 0x55b084e52fe0 (11 bytes)
1766359613.502309 sending message 112 to peer 0x55b084e52fe0 (12 bytes)
1766359613.502313 sending message 112 to peer 0x55b084e52fe0 (12 bytes)
1766359613.502317 sending message 112 to peer 0x55b084e52fe0 (13 bytes)
1766359613.502321 sending message 112 to peer 0x55b084e52fe0 (13 bytes)
1766359613.502325 sending message 112 to peer 0x55b084e52fe0 (13 bytes)
1766359613.502329 sending message 112 to peer 0x55b084e52fe0 (13 bytes)
1766359613.502334 sending message 112 to peer 0x55b084e52fe0 (13 bytes)
1766359613.502337 sending message 112 to peer 0x55b084e52fe0 (10 bytes)
1766359613.502342 sending message 112 to peer 0x55b084e52fe0 (9 bytes)
1766359613.502346 sending message 112 to peer 0x55b084e52fe0 (12 bytes)
1766359613.502350 sending message 112 to peer 0x55b084e52fe0 (13 bytes)
1766359613.502354 sending message 112 to peer 0x55b084e52fe0 (13 bytes)
1766359613.502358 sending message 112 to peer 0x55b084e52fe0 (13 bytes)
1766359613.502362 sending message 112 to peer 0x55b084e52fe0 (13 bytes)
1766359613.502366 sending message 112 to peer 0x55b084e52fe0 (13 bytes)
1766359613.502372 sending message 112 to peer 0x55b084e52fe0 (9 bytes)
1766359613.502377 sending message 112 to peer 0x55b084e52fe0 (12 bytes)
1766359613.502380 sending message 112 to peer 0x55b084e52fe0 (13 bytes)
1766359613.502384 sending message 112 to peer 0x55b084e52fe0 (13 bytes)
1766359613.502388 sending message 112 to peer 0x55b084e52fe0 (13 bytes)
1766359613.502392 sending message 112 to peer 0x55b084e52fe0 (13 bytes)
1766359613.502396 sending message 112 to peer 0x55b084e52fe0 (13 bytes)
1766359613.502399 sending message 112 to peer 0x55b084e52fe0 (11 bytes)
1766359613.502403 sending message 112 to peer 0x55b084e52fe0 (12 bytes)
1766359613.502407 sending message 112 to peer 0x55b084e52fe0 (13 bytes)
1766359613.502411 sending message 112 to peer 0x55b084e52fe0 (13 bytes)
1766359613.502415 sending message 112 to peer 0x55b084e52fe0 (13 bytes)
1766359613.502419 sending message 112 to peer 0x55b084e52fe0 (13 bytes)
1766359613.502423 sending message 112 to peer 0x55b084e52fe0 (13 bytes)
1766359613.502426 sending message 112 to peer 0x55b084e52fe0 (11 bytes)
1766359613.502430 sending message 112 to peer 0x55b084e52fe0 (12 bytes)
1766359613.502434 sending message 112 to peer 0x55b084e52fe0 (12 bytes)
1766359613.502438 sending message 112 to peer 0x55b084e52fe0 (12 bytes)
1766359613.502442 sending message 112 to peer 0x55b084e52fe0 (12 bytes)
1766359613.502446 sending message 112 to peer 0x55b084e52fe0 (12 bytes)
1766359613.502450 sending message 112 to peer 0x55b084e52fe0 (21 bytes)
1766359613.502455 sending message 112 to peer 0x55b084e52fe0 (12 bytes)
1766359613.502459 sending message 112 to peer 0x55b084e52fe0 (9 bytes)
1766359613.502463 sending message 112 to peer 0x55b084e52fe0 (6 bytes)
1766359613.502467 sending message 112 to peer 0x55b084e52fe0 (13 bytes)
1766359613.502471 sending message 112 to peer 0x55b084e52fe0 (8 bytes)
1766359613.502475 sending message 112 to peer 0x55b084e52fe0 (15 bytes)
1766359613.502479 sending message 112 to peer 0x55b084e52fe0 (13 bytes)
1766359613.502483 sending message 112 to peer 0x55b084e52fe0 (9 bytes)
1766359613.502487 sending message 112 to peer 0x55b084e52fe0 (70 bytes)
1766359613.502492 sending message 112 to peer 0x55b084e52fe0 (69 bytes)
1766359613.502496 sending message 112 to peer 0x55b084e52fe0 (10 bytes)
1766359613.502500 sending message 112 to peer 0x55b084e52fe0 (10 bytes)
1766359613.502504 sending message 112 to peer 0x55b084e52fe0 (8 bytes)
1766359613.502508 sending message 112 to peer 0x55b084e52fe0 (15 bytes)
1766359613.502512 sending message 112 to peer 0x55b084e52fe0 (13 bytes)
1766359613.502516 sending message 112 to peer 0x55b084e52fe0 (10 bytes)
1766359613.502520 sending message 112 to peer 0x55b084e52fe0 (10 bytes)
1766359613.502524 sending message 112 to peer 0x55b084e52fe0 (17 bytes)
1766359613.502528 sending message 112 to peer 0x55b084e52fe0 (10 bytes)
1766359613.502532 sending message 112 to peer 0x55b084e52fe0 (13 bytes)
1766359613.502536 sending message 112 to peer 0x55b084e52fe0 (9 bytes)
1766359613.502540 sending message 112 to peer 0x55b084e52fe0 (5 bytes)
1766359613.502545 sending message 112 to peer 0x55b084e52fe0 (15 bytes)
1766359613.502550 sending message 104 to peer 0x55b084e52fe0 (0 bytes)
1766359613.502554 sending message 110 to peer 0x55b084e52fe0 (0 bytes)
1766359613.502595 sending message 107 to peer 0x55b084e52fe0 (4 bytes)
1766359613.502599 sending message 105 to peer 0x55b084e52fe0 (16 bytes)
1766359613.502604 sending message 105 to peer 0x55b084e52fe0 (33 bytes)
1766359613.502608 sending message 105 to peer 0x55b084e52fe0 (78 bytes)
1766359613.502612 sending message 105 to peer 0x55b084e52fe0 (25 bytes)
1766359613.502616 sending message 105 to peer 0x55b084e52fe0 (20 bytes)
1766359613.502620 sending message 105 to peer 0x55b084e52fe0 (104 bytes)
1766359613.502624 sending message 105 to peer 0x55b084e52fe0 (58 bytes)
1766359613.502628 sending message 105 to peer 0x55b084e52fe0 (23 bytes)
1766359613.502632 sending message 105 to peer 0x55b084e52fe0 (24 bytes)
1766359613.502636 sending message 105 to peer 0x55b084e52fe0 (26 bytes)
1766359613.502644 sending message 105 to peer 0x55b084e52fe0 (37 bytes)
1766359613.502649 sending message 105 to peer 0x55b084e52fe0 (19 bytes)
1766359613.502653 sending message 105 to peer 0x55b084e52fe0 (14 bytes)
1766359613.502657 sending message 105 to peer 0x55b084e52fe0 (43 bytes)
1766359613.502661 sending message 105 to peer 0x55b084e52fe0 (46 bytes)
1766359613.502665 sending message 105 to peer 0x55b084e52fe0 (51 bytes)
1766359613.502669 sending message 105 to peer 0x55b084e52fe0 (20 bytes)
1766359613.502673 sending message 105 to peer 0x55b084e52fe0 (23 bytes)
1766359613.502677 sending message 105 to peer 0x55b084e52fe0 (71 bytes)
1766359613.502681 sending message 105 to peer 0x55b084e52fe0 (25 bytes)
1766359613.502685 sending message 105 to peer 0x55b084e52fe0 (19 bytes)
1766359613.502689 sending message 105 to peer 0x55b084e52fe0 (21 bytes)
1766359613.502693 sending message 105 to peer 0x55b084e52fe0 (15 bytes)
1766359613.502696 sending message 105 to peer 0x55b084e52fe0 (34 bytes)
1766359613.502700 sending message 105 to peer 0x55b084e52fe0 (24 bytes)
1766359613.502704 sending message 105 to peer 0x55b084e52fe0 (13 bytes)
1766359613.502708 sending message 105 to peer 0x55b084e52fe0 (25 bytes)
1766359613.502712 sending message 105 to peer 0x55b084e52fe0 (31 bytes)
1766359613.502716 sending message 105 to peer 0x55b084e52fe0 (24 bytes)
1766359613.502720 sending message 105 to peer 0x55b084e52fe0 (24 bytes)
1766359613.502725 sending message 105 to peer 0x55b084e52fe0 (39 bytes)
1766359613.502729 sending message 105 to peer 0x55b084e52fe0 (35 bytes)
1766359613.502732 sending message 105 to peer 0x55b084e52fe0 (24 bytes)
1766359613.502736 sending message 105 to peer 0x55b084e52fe0 (84 bytes)
1766359613.502740 sending message 105 to peer 0x55b084e52fe0 (27 bytes)
1766359613.502745 sending message 105 to peer 0x55b084e52fe0 (41 bytes)
1766359613.502748 sending message 105 to peer 0x55b084e52fe0 (16 bytes)
1766359613.502752 sending message 105 to peer 0x55b084e52fe0 (33 bytes)
1766359613.502756 sending message 105 to peer 0x55b084e52fe0 (17 bytes)
1766359613.502760 sending message 105 to peer 0x55b084e52fe0 (30 bytes)
1766359613.502765 sending message 105 to peer 0x55b084e52fe0 (1923 bytes)
1766359613.502780 sending message 105 to peer 0x55b084e52fe0 (24 bytes)
1766359613.502784 sending message 105 to peer 0x55b084e52fe0 (37 bytes)
1766359613.502788 sending message 105 to peer 0x55b084e52fe0 (142 bytes)
1766359613.502793 sending message 105 to peer 0x55b084e52fe0 (26 bytes)
1766359613.502797 sending message 105 to peer 0x55b084e52fe0 (52 bytes)
1766359613.502801 sending message 105 to peer 0x55b084e52fe0 (16 bytes)
1766359613.502805 sending message 105 to peer 0x55b084e52fe0 (23 bytes)
1766359613.502809 sending message 105 to peer 0x55b084e52fe0 (26 bytes)
1766359613.502813 sending message 105 to peer 0x55b084e52fe0 (21 bytes)
1766359613.502817 sending message 105 to peer 0x55b084e52fe0 (73 bytes)
1766359613.502821 sending message 105 to peer 0x55b084e52fe0 (22 bytes)
1766359613.502826 sending message 105 to peer 0x55b084e52fe0 (41 bytes)
1766359613.502830 sending message 105 to peer 0x55b084e52fe0 (23 bytes)
1766359613.502834 sending message 105 to peer 0x55b084e52fe0 (29 bytes)
1766359613.502838 sending message 105 to peer 0x55b084e52fe0 (19 bytes)
1766359613.502842 sending message 105 to peer 0x55b084e52fe0 (35 bytes)
1766359613.502846 sending message 105 to peer 0x55b084e52fe0 (10 bytes)
1766359613.502851 sending message 105 to peer 0x55b084e52fe0 (13 bytes)
1766359613.502855 sending message 105 to peer 0x55b084e52fe0 (50 bytes)
1766359613.502859 sending message 105 to peer 0x55b084e52fe0 (23 bytes)
1766359613.502863 sending message 105 to peer 0x55b084e52fe0 (22 bytes)
1766359613.502867 sending message 105 to peer 0x55b084e52fe0 (50 bytes)
1766359613.502871 sending message 105 to peer 0x55b084e52fe0 (15 bytes)
1766359613.502875 sending message 105 to peer 0x55b084e52fe0 (11 bytes)
1766359613.502880 sending message 105 to peer 0x55b084e52fe0 (8 bytes)
1766359613.502884 sending message 105 to peer 0x55b084e52fe0 (11 bytes)
1766359613.502890 sending message 105 to peer 0x55b084e52fe0 (17 bytes)
1766359613.502896 sending message 105 to peer 0x55b084e52fe0 (22 bytes)
1766359613.502900 sending message 105 to peer 0x55b084e52fe0 (20 bytes)
1766359613.502904 sending message 105 to peer 0x55b084e52fe0 (31 bytes)
1766359613.502908 sending message 105 to peer 0x55b084e52fe0 (913 bytes)
1766359613.502912 sending message 105 to peer 0x55b084e52fe0 (148 bytes)
1766359613.502916 sending message 105 to peer 0x55b084e52fe0 (80 bytes)
1766359613.502920 sending message 105 to peer 0x55b084e52fe0 (28 bytes)
1766359613.502924 sending message 105 to peer 0x55b084e52fe0 (40 bytes)
1766359613.502928 sending message 105 to peer 0x55b084e52fe0 (13 bytes)
1766359613.502932 sending message 105 to peer 0x55b084e52fe0 (119 bytes)
1766359613.502936 sending message 105 to peer 0x55b084e52fe0 (22 bytes)
1766359613.502940 sending message 105 to peer 0x55b084e52fe0 (264 bytes)
1766359613.502945 sending message 105 to peer 0x55b084e52fe0 (82 bytes)
1766359613.502949 sending message 105 to peer 0x55b084e52fe0 (54 bytes)
1766359613.502953 sending message 105 to peer 0x55b084e52fe0 (28 bytes)
1766359613.502957 sending message 105 to peer 0x55b084e52fe0 (26 bytes)
1766359613.502961 sending message 105 to peer 0x55b084e52fe0 (26 bytes)
1766359613.502965 sending message 105 to peer 0x55b084e52fe0 (53 bytes)
1766359613.502969 sending message 105 to peer 0x55b084e52fe0 (18 bytes)
1766359613.502973 sending message 105 to peer 0x55b084e52fe0 (38 bytes)
1766359613.502977 sending message 105 to peer 0x55b084e52fe0 (414 bytes)
1766359613.502982 sending message 105 to peer 0x55b084e52fe0 (145 bytes)
1766359613.502986 sending message 105 to peer 0x55b084e52fe0 (16 bytes)
1766359613.502990 sending message 106 to peer 0x55b084e52fe0 (0 bytes)
1766359613.503033 sending message 200 to peer 0x55b084e52fe0 (4 bytes)
1766359613.503039 client loop enter
1766359613.503574 peer 0x55b084e52fe0 message 303
1766359613.503580 open write file 2 -
1766359613.503589 sending message 305 to peer 0x55b084e52fe0 (8 bytes)
1766359613.503599 write check file 2
1766359613.503693 peer 0x55b084e52fe0 message 304
1766359613.503697 write 58 to file 2
1766359613.503703 peer 0x55b084e52fe0 message 203
1766359613.503710 file 2 58 bytes left
1766359613.503720 write check file 2
1766359613.503724 client loop exit
